<?xml version="1.0" encoding="UTF-8"?>
<!-- Generated by org.testng.reporters.JUnitXMLReporter -->
<testsuite ignored="0" hostname="LAPTOP-M2QN05D0" failures="1" tests="1" name="firefoxTest" time="3.758" errors="0" timestamp="2024-02-21T09:08:53 IST">
  <testcase classname="testngpkg.CrossBrowserTest" name="test" time="0.007">
    <failure type="org.openqa.selenium.InvalidArgumentException" message="Malformed URL: URL constructor:  is not a valid URL.
Build info: version: &amp;apos;4.17.0&amp;apos;, revision: &amp;apos;e52b1be057*&amp;apos;
System info: os.name: &amp;apos;Windows 11&amp;apos;, os.arch: &amp;apos;amd64&amp;apos;, os.version: &amp;apos;10.0&amp;apos;, java.version: &amp;apos;17.0.9&amp;apos;
Driver info: org.openqa.selenium.firefox.FirefoxDriver
Command: [0d19b369-c76a-4a11-9eb1-6eaffea11c9c, get {url=}]
Capabilities {acceptInsecureCerts: true, browserName: firefox, browserVersion: 110.0.1, moz:accessibilityChecks: false, moz:buildID: 20230227191043, moz:debuggerAddress: 127.0.0.1:9084, moz:geckodriverVersion: 0.33.0, moz:headless: false, moz:platformVersion: 10.0, moz:processID: 10232, moz:profile: C:\Users\lenovo\AppData\Loc..., moz:shutdownTimeout: 60000, moz:useNonSpecCompliantPointerOrigin: false, moz:webdriverClick: true, moz:windowless: false, pageLoadStrategy: normal, platformName: windows, proxy: Proxy(), se:cdp: ws://127.0.0.1:9084/devtool..., se:cdpVersion: 85.0, setWindowRect: true, strictFileInteractability: false, timeouts: {implicit: 0, pageLoad: 300000, script: 30000}, unhandledPromptBehavior: dismiss and notify}
Session ID: 0d19b369-c76a-4a11-9eb1-6eaffea11c9c">
      <![CDATA[org.openqa.selenium.InvalidArgumentException: Malformed URL: URL constructor:  is not a valid URL.
Build info: version: '4.17.0', revision: 'e52b1be057*'
System info: os.name: 'Windows 11', os.arch: 'amd64', os.version: '10.0', java.version: '17.0.9'
Driver info: org.openqa.selenium.firefox.FirefoxDriver
Command: [0d19b369-c76a-4a11-9eb1-6eaffea11c9c, get {url=}]
Capabilities {acceptInsecureCerts: true, browserName: firefox, browserVersion: 110.0.1, moz:accessibilityChecks: false, moz:buildID: 20230227191043, moz:debuggerAddress: 127.0.0.1:9084, moz:geckodriverVersion: 0.33.0, moz:headless: false, moz:platformVersion: 10.0, moz:processID: 10232, moz:profile: C:\Users\lenovo\AppData\Loc..., moz:shutdownTimeout: 60000, moz:useNonSpecCompliantPointerOrigin: false, moz:webdriverClick: true, moz:windowless: false, pageLoadStrategy: normal, platformName: windows, proxy: Proxy(), se:cdp: ws://127.0.0.1:9084/devtool..., se:cdpVersion: 85.0, setWindowRect: true, strictFileInteractability: false, timeouts: {implicit: 0, pageLoad: 300000, script: 30000}, unhandledPromptBehavior: dismiss and notify}
Session ID: 0d19b369-c76a-4a11-9eb1-6eaffea11c9c
at org.openqa.selenium.remote.codec.w3c.W3CHttpResponseCodec.createException(W3CHttpResponseCodec.java:185)
at org.openqa.selenium.remote.codec.w3c.W3CHttpResponseCodec.decode(W3CHttpResponseCodec.java:134)
at org.openqa.selenium.remote.codec.w3c.W3CHttpResponseCodec.decode(W3CHttpResponseCodec.java:51)
at org.openqa.selenium.remote.HttpCommandExecutor.execute(HttpCommandExecutor.java:190)
at org.openqa.selenium.remote.service.DriverCommandExecutor.invokeExecute(DriverCommandExecutor.java:216)
at org.openqa.selenium.remote.service.DriverCommandExecutor.execute(DriverCommandExecutor.java:174)
at org.openqa.selenium.remote.RemoteWebDriver.execute(RemoteWebDriver.java:519)
at org.openqa.selenium.remote.RemoteWebDriver.get(RemoteWebDriver.java:301)
at testngpkg.CrossBrowserTest.test(CrossBrowserTest.java:36)
at java.base/java.util.ArrayList.forEach(ArrayList.java:1511)
... Removed 32 stack frames]]>
    </failure>
  </testcase> <!-- test -->
</testsuite> <!-- firefoxTest -->
